0 info it worked if it ends with ok
1 verbose cli [ '/Users/yosuke/.nodebrew/current/bin/node',
1 verbose cli   '/Users/yosuke/.nodebrew/current/bin/npm',
1 verbose cli   'install',
1 verbose cli   '-g',
1 verbose cli   'git@github.com:yosuke-furukawa/generator-express-socketio.git' ]
2 info using npm@1.2.21
3 info using node@v0.10.7
4 verbose node symlink /Users/yosuke/.nodebrew/current/bin/node
5 verbose read json /Users/yosuke/.nodebrew/current/lib/package.json
6 verbose read json /Users/yosuke/.nodebrew/current/lib/package.json
7 verbose cache add [ 'git@github.com:yosuke-furukawa/generator-express-socketio.git',
7 verbose cache add   null ]
8 verbose cache add name=undefined spec="git@github.com:yosuke-furukawa/generator-express-socketio.git" args=["git@github.com:yosuke-furukawa/generator-express-socketio.git",null]
9 verbose parsed url { protocol: null,
9 verbose parsed url   slashes: null,
9 verbose parsed url   auth: null,
9 verbose parsed url   host: null,
9 verbose parsed url   port: null,
9 verbose parsed url   hostname: null,
9 verbose parsed url   hash: null,
9 verbose parsed url   search: null,
9 verbose parsed url   query: null,
9 verbose parsed url   pathname: 'git@github.com:yosuke-furukawa/generator-express-socketio.git',
9 verbose parsed url   path: 'git@github.com:yosuke-furukawa/generator-express-socketio.git',
9 verbose parsed url   href: 'git@github.com:yosuke-furukawa/generator-express-socketio.git' }
10 verbose cache add name="git" spec="github.com:yosuke-furukawa/generator-express-socketio.git" args=["git","github.com:yosuke-furukawa/generator-express-socketio.git"]
11 verbose parsed url { protocol: 'github.com:',
11 verbose parsed url   slashes: null,
11 verbose parsed url   auth: null,
11 verbose parsed url   host: 'yosuke-furukawa',
11 verbose parsed url   port: null,
11 verbose parsed url   hostname: 'yosuke-furukawa',
11 verbose parsed url   hash: null,
11 verbose parsed url   search: null,
11 verbose parsed url   query: null,
11 verbose parsed url   pathname: '/generator-express-socketio.git',
11 verbose parsed url   path: '/generator-express-socketio.git',
11 verbose parsed url   href: 'github.com:yosuke-furukawa/generator-express-socketio.git' }
12 verbose addNamed [ 'git',
12 verbose addNamed   'github.com:yosuke-furukawa/generator-express-socketio.git' ]
13 verbose addNamed [ null, null ]
14 silly lockFile 3caf2855-a-generator-express-socketio-git git@github.com:yosuke-furukawa/generator-express-socketio.git
15 verbose lock git@github.com:yosuke-furukawa/generator-express-socketio.git /Users/yosuke/.npm/3caf2855-a-generator-express-socketio-git.lock
16 info addNameTag [ 'git',
16 info addNameTag   'github.com:yosuke-furukawa/generator-express-socketio.git' ]
17 verbose url raw git
18 verbose url resolving [ 'https://registry.npmjs.org/', './git' ]
19 verbose url resolved https://registry.npmjs.org/git
20 info trying registry request attempt 1 at 14:51:46
21 http GET https://registry.npmjs.org/git
22 http 200 https://registry.npmjs.org/git
23 silly registry.get cb [ 200,
23 silly registry.get   { vary: 'Accept',
23 silly registry.get     server: 'CouchDB/1.3.0 (Erlang OTP/R15B03)',
23 silly registry.get     etag: '"660PBYH6MWBLLMJK2AWW108ZM"',
23 silly registry.get     date: 'Sun, 19 May 2013 05:51:46 GMT',
23 silly registry.get     'content-type': 'application/json',
23 silly registry.get     'content-length': '4951' } ]
24 info maybeGithub Attempting github.com:yosuke-furukawa/generator-express-socketio.git from git://github.com/github.com:yosuke-furukawa/generator-express-socketio.git
25 silly lockFile 38e61303-a-generator-express-socketio-git git://github.com/github.com:yosuke-furukawa/generator-express-socketio.git
26 verbose lock git://github.com/github.com:yosuke-furukawa/generator-express-socketio.git /Users/yosuke/.npm/38e61303-a-generator-express-socketio-git.lock
27 verbose addRemoteGit [ 'git://github.com/github.com:yosuke-furukawa/generator-express-socketio.git',
27 verbose addRemoteGit   'master' ]
28 verbose git clone git://github.com/github.com:yosuke-furukawa/generator-express-socketio.git Cloning into bare repository '/Users/yosuke/.npm/_git-remotes/git-github-com-github-com-yosuke-furukawa-generator-express-socketio-git-38e61303'...
28 verbose git clone git://github.com/github.com:yosuke-furukawa/generator-express-socketio.git
28 verbose git clone git://github.com/github.com:yosuke-furukawa/generator-express-socketio.git fatal: remote error:
28 verbose git clone git://github.com/github.com:yosuke-furukawa/generator-express-socketio.git   github.com:yosuke-furukawa/generator-express-socketio.git is not a valid repository name
28 verbose git clone git://github.com/github.com:yosuke-furukawa/generator-express-socketio.git   Email support@github.com for help
29 silly lockFile 38e61303-a-generator-express-socketio-git git://github.com/github.com:yosuke-furukawa/generator-express-socketio.git
30 silly lockFile 38e61303-a-generator-express-socketio-git git://github.com/github.com:yosuke-furukawa/generator-express-socketio.git
31 info maybeGithub Attempting github.com:yosuke-furukawa/generator-express-socketio.git from git+ssh://git@github.com:github.com:yosuke-furukawa/generator-express-socketio.git
32 silly lockFile cb443e24-a-generator-express-socketio-git git+ssh://git@github.com:github.com:yosuke-furukawa/generator-express-socketio.git
33 verbose lock git+ssh://git@github.com:github.com:yosuke-furukawa/generator-express-socketio.git /Users/yosuke/.npm/cb443e24-a-generator-express-socketio-git.lock
34 verbose addRemoteGit [ 'git@github.com:github.com:yosuke-furukawa/generator-express-socketio.git',
34 verbose addRemoteGit   'master' ]
35 verbose git clone git@github.com:github.com:yosuke-furukawa/generator-express-socketio.git Cloning into bare repository '/Users/yosuke/.npm/_git-remotes/git-github-com-github-com-yosuke-furukawa-generator-express-socketio-git-f39c2b0f'...
35 verbose git clone git@github.com:github.com:yosuke-furukawa/generator-express-socketio.git
35 verbose git clone git@github.com:github.com:yosuke-furukawa/generator-express-socketio.git ERROR: Repository invalid.
35 verbose git clone git@github.com:github.com:yosuke-furukawa/generator-express-socketio.git fatal: The remote end hung up unexpectedly
36 silly lockFile f39c2b0f-a-generator-express-socketio-git git@github.com:github.com:yosuke-furukawa/generator-express-socketio.git
37 silly lockFile 3caf2855-a-generator-express-socketio-git git@github.com:yosuke-furukawa/generator-express-socketio.git
38 silly lockFile 3caf2855-a-generator-express-socketio-git git@github.com:yosuke-furukawa/generator-express-socketio.git
39 error Error: No compatible version found: git@'github.com:yosuke-furukawa/generator-express-socketio.git'
39 error Valid install targets:
39 error ["0.1.0","0.1.1","0.1.2","0.1.3"]
39 error     at installTargetsError (/Users/yosuke/.nodebrew/node/v0.10.7/lib/node_modules/npm/lib/cache.js:709:10)
39 error     at /Users/yosuke/.nodebrew/node/v0.10.7/lib/node_modules/npm/lib/cache.js:631:10
39 error     at saved (/Users/yosuke/.nodebrew/node/v0.10.7/lib/node_modules/npm/node_modules/npm-registry-client/lib/get.js:138:7)
39 error     at Object.oncomplete (fs.js:107:15)
40 error If you need help, you may report this log at:
40 error     <http://github.com/isaacs/npm/issues>
40 error or email it to:
40 error     <npm-@googlegroups.com>
41 error System Darwin 12.3.0
42 error command "/Users/yosuke/.nodebrew/current/bin/node" "/Users/yosuke/.nodebrew/current/bin/npm" "install" "-g" "git@github.com:yosuke-furukawa/generator-express-socketio.git"
43 error cwd /Users/yosuke/Program/generator-express-socketio
44 error node -v v0.10.7
45 error npm -v 1.2.21
46 verbose exit [ 1, true ]
